<?xml version="1.0" encoding="UTF-8"?>
<!-- Generated by org.testng.reporters.JUnitXMLReporter -->
<testsuite ignored="0" hostname="DESKTOP-3TVFKPJ" failures="0" tests="3" name="Default test" time="0.139" errors="0" timestamp="2022-11-19T12:20:22 IST">
  <testcase classname="Grouping_TestNG.Grp_TestNG.Test1" name="test1" time="0.016"/>
  <testcase classname="Grouping_TestNG.Grp_TestNG.Test1" name="test2" time="0.002"/>
  <testcase classname="Grouping_TestNG.Grp_TestNG.Test1" name="test3" time="0.003"/>
</testsuite> <!-- Default test -->
