<?xml version="1.0" encoding="UTF-8"?>
<!-- Generated by org.testng.reporters.JUnitXMLReporter -->
<testsuite ignored="3" hostname="DESKTOP-3TVFKPJ" failures="0" tests="1" name="test_2" time="0.009" errors="0" timestamp="2022-11-19T13:14:50 IST">
  <testcase classname="Grouping_TestNG.Grp_TestNG.Test2" name="test9" time="0.003"/>
  <testcase classname="Grouping_TestNG.Grp_TestNG.Test2" name="test8" time="0.0">
    <ignored/>
  </testcase> <!-- test8 -->
  <testcase classname="Grouping_TestNG.Grp_TestNG.Test2" name="test6" time="0.0">
    <ignored/>
  </testcase> <!-- test6 -->
  <testcase classname="Grouping_TestNG.Grp_TestNG.Test2" name="test7" time="0.0">
    <ignored/>
  </testcase> <!-- test7 -->
</testsuite> <!-- test_2 -->
