<?xml version="1.0" encoding="UTF-8"?>
<!-- Generated by org.testng.reporters.JUnitXMLReporter -->
<testsuite ignored="4" hostname="DESKTOP-3TVFKPJ" failures="0" tests="1" name="test_1" time="0.088" errors="0" timestamp="2022-11-19T13:14:50 IST">
  <testcase classname="Grouping_TestNG.Grp_TestNG.Test1" name="test4" time="0.013"/>
  <testcase classname="Grouping_TestNG.Grp_TestNG.Test1" name="test1" time="0.0">
    <ignored/>
  </testcase> <!-- test1 -->
  <testcase classname="Grouping_TestNG.Grp_TestNG.Test1" name="test5" time="0.0">
    <ignored/>
  </testcase> <!-- test5 -->
  <testcase classname="Grouping_TestNG.Grp_TestNG.Test1" name="test2" time="0.0">
    <ignored/>
  </testcase> <!-- test2 -->
  <testcase classname="Grouping_TestNG.Grp_TestNG.Test1" name="test3" time="0.0">
    <ignored/>
  </testcase> <!-- test3 -->
</testsuite> <!-- test_1 -->
