<?xml version="1.0" encoding="UTF-8"?>
<testng-results ignored="7" total="9" passed="2" failed="0" skipped="0">
  <reporter-output>
  </reporter-output>
  <suite started-at="2022-11-19T13:14:49 IST" name="suite" finished-at="2022-11-19T13:14:50 IST" duration-ms="208">
    <groups>
      <group name="All">
        <method signature="Test1.test4()[pri:0, instance:Grouping_TestNG.Grp_TestNG.Test1@67c33749]" name="test4" class="Grouping_TestNG.Grp_TestNG.Test1"/>
      </group> <!-- All -->
      <group name="Windows.smoke">
        <method signature="Test1.test4()[pri:0, instance:Grouping_TestNG.Grp_TestNG.Test1@67c33749]" name="test4" class="Grouping_TestNG.Grp_TestNG.Test1"/>
      </group> <!-- Windows.smoke -->
      <group name="Windows.sanity">
        <method signature="Test2.test9()[pri:0, instance:Grouping_TestNG.Grp_TestNG.Test2@290222c1]" name="test9" class="Grouping_TestNG.Grp_TestNG.Test2"/>
      </group> <!-- Windows.sanity -->
    </groups>
    <test started-at="2022-11-19T13:14:49 IST" name="test_1" finished-at="2022-11-19T13:14:50 IST" duration-ms="88">
      <class name="Grouping_TestNG.Grp_TestNG.Test1">
        <test-method signature="test4()[pri:0, instance:Grouping_TestNG.Grp_TestNG.Test1@67c33749]" started-at="2022-11-19T13:14:49 IST" name="test4" finished-at="2022-11-19T13:14:50 IST" duration-ms="13" status="PASS">
          <reporter-output>
          </reporter-output>
        </test-method> <!-- test4 -->
      </class> <!-- Grouping_TestNG.Grp_TestNG.Test1 -->
    </test> <!-- test_1 -->
    <test started-at="2022-11-19T13:14:50 IST" name="test_2" finished-at="2022-11-19T13:14:50 IST" duration-ms="9">
      <class name="Grouping_TestNG.Grp_TestNG.Test2">
        <test-method signature="test9()[pri:0, instance:Grouping_TestNG.Grp_TestNG.Test2@290222c1]" started-at="2022-11-19T13:14:50 IST" name="test9" finished-at="2022-11-19T13:14:50 IST" duration-ms="3" status="PASS">
          <reporter-output>
          </reporter-output>
        </test-method> <!-- test9 -->
      </class> <!-- Grouping_TestNG.Grp_TestNG.Test2 -->
    </test> <!-- test_2 -->
  </suite> <!-- suite -->
</testng-results>
