<?xml version="1.0" encoding="UTF-8"?>
<testng-results ignored="1" total="2" passed="0" failed="1" skipped="0">
  <reporter-output>
  </reporter-output>
  <suite started-at="2022-11-20T17:50:34 IST" name="Default suite" finished-at="2022-11-20T17:50:34 IST" duration-ms="92">
    <groups>
    </groups>
    <test started-at="2022-11-20T17:50:34 IST" name="Default test" finished-at="2022-11-20T17:50:34 IST" duration-ms="92">
      <class name="Grouping_TestNG.Grp_TestNG.Method_dependency">
        <test-method signature="trackShipment()[pri:0, instance:Grouping_TestNG.Grp_TestNG.Method_dependency@63a12c68]" started-at="2022-11-20T17:50:34 IST" name="trackShipment" finished-at="2022-11-20T17:50:34 IST" depends-on-methods="Grouping_TestNG.Grp_TestNG.Method_dependency.createShipment" duration-ms="16" status="FAIL">
          <exception class="java.lang.Exception">
            <message>
              <![CDATA[Invalid tracking number]]>
            </message>
            <full-stacktrace>
              <![CDATA[java.lang.Exception: Invalid tracking number
at Grouping_TestNG.Grp_TestNG.Method_dependency.trackShipment(Method_dependency.java:24)
at java.base/jdk.internal.reflect.NativeMethodAccessorImpl.invoke0(Native Method)
at java.base/jdk.internal.reflect.NativeMethodAccessorImpl.invoke(NativeMethodAccessorImpl.java:64)
at java.base/jdk.internal.reflect.DelegatingMethodAccessorImpl.invoke(DelegatingMethodAccessorImpl.java:43)
at java.base/java.lang.reflect.Method.invoke(Method.java:564)
at org.testng.internal.invokers.MethodInvocationHelper.invokeMethod(MethodInvocationHelper.java:139)
at org.testng.internal.invokers.TestInvoker.invokeMethod(TestInvoker.java:677)
at org.testng.internal.invokers.TestInvoker.invokeTestMethod(TestInvoker.java:221)
at org.testng.internal.invokers.MethodRunner.runInSequence(MethodRunner.java:50)
at org.testng.internal.invokers.TestInvoker$MethodInvocationAgent.invoke(TestInvoker.java:962)
at org.testng.internal.invokers.TestInvoker.invokeTestMethods(TestInvoker.java:194)
at org.testng.internal.invokers.TestMethodWorker.invokeTestMethods(TestMethodWorker.java:148)
at org.testng.internal.invokers.TestMethodWorker.run(TestMethodWorker.java:128)
at java.base/java.util.ArrayList.forEach(ArrayList.java:1511)
at org.testng.TestRunner.privateRun(TestRunner.java:806)
at org.testng.TestRunner.run(TestRunner.java:601)
at org.testng.SuiteRunner.runTest(SuiteRunner.java:433)
at org.testng.SuiteRunner.runSequentially(SuiteRunner.java:427)
at org.testng.SuiteRunner.privateRun(SuiteRunner.java:387)
at org.testng.SuiteRunner.run(SuiteRunner.java:330)
at org.testng.SuiteRunnerWorker.runSuite(SuiteRunnerWorker.java:52)
at org.testng.SuiteRunnerWorker.run(SuiteRunnerWorker.java:95)
at org.testng.TestNG.runSuitesSequentially(TestNG.java:1256)
at org.testng.TestNG.runSuitesLocally(TestNG.java:1176)
at org.testng.TestNG.runSuites(TestNG.java:1099)
at org.testng.TestNG.run(TestNG.java:1067)
at org.testng.remote.AbstractRemoteTestNG.run(AbstractRemoteTestNG.java:115)
at org.testng.remote.RemoteTestNG.initAndRun(RemoteTestNG.java:251)
at org.testng.remote.RemoteTestNG.main(RemoteTestNG.java:77)
]]>
            </full-stacktrace>
          </exception> <!-- java.lang.Exception -->
          <reporter-output>
          </reporter-output>
        </test-method> <!-- trackShipment -->
      </class> <!-- Grouping_TestNG.Grp_TestNG.Method_dependency -->
    </test> <!-- Default test -->
  </suite> <!-- Default suite -->
</testng-results>
